<?xml version="1.0" encoding="UTF-8"?>
<testsuite xmlns:xsi="http://www.w3.org/2001/XMLSchema-instance" xsi:noNamespaceSchemaLocation="https://maven.apache.org/surefire/maven-surefire-plugin/xsd/surefire-test-report-3.0.xsd" version="3.0" name="com.connectsphere.auth.repository.UserRepositoryTest" time="2.495" tests="11" errors="0" skipped="0" failures="0">
  <properties>
[...]
</properties>
  <testcase name="findOAuthUser" classname="com.connectsphere.auth.repository.UserRepositoryTest" time="0.216">
    <system-out><![CDATA[2026-05-14T12:03:31.511+05:30 DEBUG 314 --- [           main] b.t.a.o.j.DataJpaTestContextBootstrapper : Neither @ContextConfiguration nor @ContextHierarchy found for test class [UserRepositoryTest]: using SpringBootContextLoader
2026-05-14T12:03:31.512+05:30  INFO 314 --- [           main] t.c.s.AnnotationConfigContextLoaderUtils : Could not detect default configuration classes for test class [com.connectsphere.auth.repository.UserRepositoryTest]: UserRepositoryTest does not declare any static, non-private, non-final, nested classes annotated with @Configuration.
2026-05-14T12:03:31.513+05:30 DEBUG 314 --- [           main] b.t.a.o.j.DataJpaTestContextBootstrapper : Using ContextCustomizerFactory implementations for test class [UserRepositoryTest]: [ImportsContextCustomizerFactory, ExcludeFilterContextCustomizerFactory, HttpGraphQlTesterContextCustomizerFactory, DuplicateJsonObjectContextCustomizerFactory, MockitoContextCustomizerFactory, TestRestTemplateContextCustomizerFactory, WebTestClientContextCustomizerFactory, OverrideAutoConfigurationContextCustomizerFactory, ObservabilityContextCustomizerFactory, TypeExcludeFiltersContextCustomizerFactory, PropertyMappingContextCustomizerFactory, WebDriverContextCustomizerFactory, MockServerContainerContextCustomizerFactory, DynamicPropertiesContextCustomizerFactory]
2026-05-14T12:03:31.525+05:30 DEBUG 314 --- [           main] b.t.a.o.j.DataJpaTestContextBootstrapper : Using ContextCustomizers for test class [UserRepositoryTest]: [ImportsContextCustomizer, ExcludeFilterContextCustomizer, DuplicateJsonObjectContextCustomizer, MockitoContextCustomizer, DisableAutoConfigurationContextCustomizer, DisableObservabilityContextCustomizer, TypeExcludeFiltersContextCustomizer, PropertyMappingContextCustomizer, WebDriverContextCustomizer]
2026-05-14T12:03:31.533+05:30  INFO 314 --- [           main] .b.t.c.SpringBootTestContextBootstrapper : Found @SpringBootConfiguration com.connectsphere.auth.AuthServiceApplication for test class com.connectsphere.auth.repository.UserRepositoryTest
2026-05-14T12:03:31.534+05:30 DEBUG 314 --- [           main] b.t.a.o.j.DataJpaTestContextBootstrapper : Using TestExecutionListeners for test class [UserRepositoryTest]: [ServletTestExecutionListener, DirtiesContextBeforeModesTestExecutionListener, ApplicationEventsTestExecutionListener, MockitoTestExecutionListener, DependencyInjectionTestExecutionListener, DirtiesContextTestExecutionListener, TransactionalTestExecutionListener, SqlScriptsTestExecutionListener, EventPublishingTestExecutionListener, WithSecurityContextTestExecutionListener, ReactorContextTestExecutionListener, ResetMocksTestExecutionListener, RestDocsTestExecutionListener, MockRestServiceServerResetTestExecutionListener, MockMvcPrintOnlyOnFailureTestExecutionListener, WebDriverTestExecutionListener, MockWebServiceServerTestExecutionListener]

  .   ____          _            __ _ _
 /\\ / ___'_ __ _ _(_)_ __  __ _ \ \ \ \
( ( )\___ | '_ | '_| | '_ \/ _` | \ \ \ \
 \\/  ___)| |_)| | | | | || (_| |  ) ) ) )
  '  |____| .__|_| |_|_| |_\__, | / / / /
 =========|_|==============|___/=/_/_/_/
 :: Spring Boot ::                (v3.2.3)

2026-05-14T12:03:31.570+05:30  INFO 314 --- [           main] c.c.auth.repository.UserRepositoryTest   : Starting UserRepositoryTest using Java 21.0.10 with PID 314 (started by mukul-verma in /home/mukul-verma/Desktop/ConnctSphere/auth-service)
2026-05-14T12:03:31.571+05:30  INFO 314 --- [           main] c.c.auth.repository.UserRepositoryTest   : No active profile set, falling back to 1 default profile: "default"
2026-05-14T12:03:31.571+05:30 DEBUG 314 --- [           main] o.s.boot.SpringApplication               : Loading source class com.connectsphere.auth.AuthServiceApplication
2026-05-14T12:03:31.699+05:30  INFO 314 --- [           main] .s.d.r.c.RepositoryConfigurationDelegate : Multiple Spring Data modules found, entering strict repository configuration mode
2026-05-14T12:03:31.712+05:30  INFO 314 --- [           main] .s.d.r.c.RepositoryConfigurationDelegate : Bootstrapping Spring Data JPA repositories in DEFAULT mode.
2026-05-14T12:03:31.725+05:30 DEBUG 314 --- [           main] o.s.b.a.AutoConfigurationPackages        : @EnableAutoConfiguration was declared on a class in the package 'com.connectsphere.auth'. Automatic @Repository and @Entity scanning is enabled.
2026-05-14T12:03:31.766+05:30  INFO 314 --- [           main] .s.d.r.c.RepositoryConfigurationDelegate : Finished Spring Data repository scanning in 46 ms. Found 1 JPA repository interface.
2026-05-14T12:03:31.815+05:30  INFO 314 --- [           main] beddedDataSourceBeanFactoryPostProcessor : Replacing 'dataSource' DataSource bean with embedded version
2026-05-14T12:03:31.864+05:30  INFO 314 --- [           main] o.s.j.d.e.EmbeddedDatabaseFactory        : Starting embedded database: url='jdbc:h2:mem:9ccd773a-8e48-4f9f-aef2-de49c039a466;DB_CLOSE_DELAY=-1;DB_CLOSE_ON_EXIT=false', username='sa'
2026-05-14T12:03:32.074+05:30  INFO 314 --- [           main] o.hibernate.jpa.internal.util.LogHelper  : HHH000204: Processing PersistenceUnitInfo [name: default]
2026-05-14T12:03:32.121+05:30  INFO 314 --- [           main] org.hibernate.Version                    : HHH000412: Hibernate ORM core version 6.4.4.Final
2026-05-14T12:03:32.144+05:30  INFO 314 --- [           main] o.h.c.internal.RegionFactoryInitiator    : HHH000026: Second-level cache disabled
2026-05-14T12:03:32.222+05:30  INFO 314 --- [           main] o.s.o.j.p.SpringPersistenceUnitInfo      : No LoadTimeWeaver setup: ignoring JPA class transformer
2026-05-14T12:03:32.260+05:30  WARN 314 --- [           main] org.hibernate.orm.deprecation            : HHH90000025: H2Dialect does not need to be specified explicitly using 'hibernate.dialect' (remove the property setting and it will be selected by default)
2026-05-14T12:03:32.891+05:30  INFO 314 --- [           main] o.h.e.t.j.p.i.JtaPlatformInitiator       : HHH000489: No JTA platform available (set 'hibernate.transaction.jta.platform' to enable JTA platform integration)
2026-05-14T12:03:32.906+05:30 DEBUG 314 --- [           main] org.hibernate.SQL                        : drop table if exists users cascade 
Hibernate: drop table if exists users cascade 
2026-05-14T12:03:32.914+05:30 DEBUG 314 --- [           main] org.hibernate.SQL                        : create table users (is_active boolean not null, is_suspended boolean not null, created_at timestamp(6) not null, last_login_at timestamp(6), updated_at timestamp(6), user_id bigint generated by default as identity, provider varchar(10) not null, role varchar(20) not null, username varchar(50) not null unique, email varchar(100) not null unique, full_name varchar(100), provider_id varchar(200), bio varchar(300), profile_pic_url varchar(500), password_hash varchar(255), primary key (user_id))
Hibernate: create table users (is_active boolean not null, is_suspended boolean not null, created_at timestamp(6) not null, last_login_at timestamp(6), updated_at timestamp(6), user_id bigint generated by default as identity, provider varchar(10) not null, role varchar(20) not null, username varchar(50) not null unique, email varchar(100) not null unique, full_name varchar(100), provider_id varchar(200), bio varchar(300), profile_pic_url varchar(500), password_hash varchar(255), primary key (user_id))
2026-05-14T12:03:32.930+05:30  INFO 314 --- [           main] j.LocalContainerEntityManagerFactoryBean : Initialized JPA EntityManagerFactory for persistence unit 'default'
2026-05-14T12:03:33.181+05:30  INFO 314 --- [           main] o.s.d.j.r.query.QueryEnhancerFactory     : Hibernate is in classpath; If applicable, HQL parser will be used.
2026-05-14T12:03:33.639+05:30 DEBUG 314 --- [           main] .s.b.a.l.ConditionEvaluationReportLogger : 


============================
CONDITIONS EVALUATION REPORT
============================


Positive matches:
-----------------

   AutoServiceRegistrationConfiguration matched:
      - @ConditionalOnProperty (spring.cloud.service-registry.auto-registration.enabled) matched (OnPropertyCondition)

   DataSourceAutoConfiguration matched:
      - @ConditionalOnClass found required classes 'javax.sql.DataSource', 'org.springframework.jdbc.datasource.embedded.EmbeddedDatabaseType' (OnClassCondition)
      - @ConditionalOnMissingBean (types: io.r2dbc.spi.ConnectionFactory; SearchStrategy: all) did not find any beans (OnBeanCondition)

   DataSourceAutoConfiguration.PooledDataSourceConfiguration matched:
      - AnyNestedCondition 1 matched 1 did not; NestedCondition on DataSourceAutoConfiguration.PooledDataSourceCondition.PooledDataSourceAvailable PooledDataSource found supported DataSource; NestedCondition on DataSourceAutoConfiguration.PooledDataSourceCondition.ExplicitType @ConditionalOnProperty (spring.datasource.type) did not find property 'type' (DataSourceAutoConfiguration.PooledDataSourceCondition)
      - @ConditionalOnMissingBean (types: javax.sql.DataSource,javax.sql.XADataSource; SearchStrategy: all) did not find any beans (OnBeanCondition)

   DataSourceAutoConfiguration.PooledDataSourceConfiguration#jdbcConnectionDetails matched:
      - @ConditionalOnMissingBean (types: org.springframework.boot.autoconfigure.jdbc.JdbcConnectionDetails; SearchStrategy: all) did not find any beans (OnBeanCondition)

   DataSourceConfiguration.Hikari matched:
      - @ConditionalOnClass found required class 'com.zaxxer.hikari.HikariDataSource' (OnClassCondition)
      - @ConditionalOnProperty (spring.datasource.type=com.zaxxer.hikari.HikariDataSource) matched (OnPropertyCondition)
      - @ConditionalOnMissingBean (types: javax.sql.DataSource; SearchStrategy: all) did not find any beans (OnBeanCondition)

   DataSourceInitializationConfiguration matched:
      - @ConditionalOnClass found required class 'org.springframework.jdbc.datasource.init.DatabasePopulator' (OnClassCondition)
      - @ConditionalOnSingleCandidate (types: javax.sql.DataSource; SearchStrategy: all) found a single bean 'dataSource'; @ConditionalOnMissingBean (types: org.springframework.boot.autoconfigure.sql.init.SqlDataSourceScriptDatabaseInitializer,org.springframework.boot.autoconfigure.sql.init.SqlR2dbcScriptDatabaseInitializer; SearchStrategy: all) did not find any beans (OnBeanCondition)

   DataSourcePoolMetadataProvidersConfiguration.HikariPoolDataSourceMetadataProviderConfiguration matched:
      - @ConditionalOnClass found required class 'com.zaxxer.hikari.HikariDataSource' (OnClassCondition)

   DataSourceTransactionManagerAutoConfiguration matched:
      - @ConditionalOnClass found required classes 'org.springframework.jdbc.core.JdbcTemplate', 'org.springframework.transaction.TransactionManager' (OnClassCondition)

   DataSourceTransactionManagerAutoConfiguration.JdbcTransactionManagerConfiguration matched:
      - @ConditionalOnSingleCandidate (types: javax.sql.DataSource; SearchStrategy: all) found a single bean 'dataSource' (OnBeanCondition)

   HibernateJpaAutoConfiguration matched:
      - @ConditionalOnClass found required classes 'org.springframework.orm.jpa.LocalContainerEntityManagerFactoryBean', 'jakarta.persistence.EntityManager', 'org.hibernate.engine.spi.SessionImplementor' (OnClassCondition)

   HibernateJpaConfiguration matched:
      - @ConditionalOnSingleCandidate (types: javax.sql.DataSource; SearchStrategy: all) found a single bean 'dataSource' (OnBeanCondition)

   JdbcClientAutoConfiguration matched:
      - @ConditionalOnSingleCandidate (types: org.springframework.jdbc.core.namedparam.NamedParameterJdbcTemplate; SearchStrategy: all) found a single bean 'namedParameterJdbcTemplate'; @ConditionalOnMissingBean (types: org.springframework.jdbc.core.simple.JdbcClient; SearchStrategy: all) did not find any beans (OnBeanCondition)

   JdbcTemplateAutoConfiguration matched:
      - @ConditionalOnClass found required classes 'javax.sql.DataSource', 'org.springframework.jdbc.core.JdbcTemplate' (OnClassCondition)
      - @ConditionalOnSingleCandidate (types: javax.sql.DataSource; SearchStrategy: all) found a single bean 'dataSource' (OnBeanCondition)

   JdbcTemplateConfiguration matched:
      - @ConditionalOnMissingBean (types: org.springframework.jdbc.core.JdbcOperations; SearchStrategy: all) did not find any beans (OnBeanCondition)

   JpaBaseConfiguration#entityManagerFactory matched:
      - @ConditionalOnMissingBean (types: org.springframework.orm.jpa.LocalContainerEntityManagerFactoryBean,jakarta.persistence.EntityManagerFactory; SearchStrategy: all) did not find any beans (OnBeanCondition)

   JpaBaseConfiguration#entityManagerFactoryBuilder matched:
      - @ConditionalOnMissingBean (types: org.springframework.boot.orm.jpa.EntityManagerFactoryBuilder; SearchStrategy: all) did not find any beans (OnBeanCondition)

   JpaBaseConfiguration#jpaVendorAdapter matched:
      - @ConditionalOnMissingBean (types: org.springframework.orm.jpa.JpaVendorAdapter; SearchStrategy: all) did not find any beans (OnBeanCondition)

   JpaBaseConfiguration#transactionManager matched:
      - @ConditionalOnMissingBean (types: org.springframework.transaction.TransactionManager; SearchStrategy: all) did not find any beans (OnBeanCondition)

   JpaBaseConfiguration.PersistenceManagedTypesConfiguration matched:
      - @ConditionalOnMissingBean (types: org.springframework.orm.jpa.LocalContainerEntityManagerFactoryBean,jakarta.persistence.EntityManagerFactory; SearchStrategy: all) did not find any beans (OnBeanCondition)

   JpaBaseConfiguration.PersistenceManagedTypesConfiguration#persistenceManagedTypes matched:
      - @ConditionalOnMissingBean (types: org.springframework.orm.jpa.persistenceunit.PersistenceManagedTypes; SearchStrategy: all) did not find any beans (OnBeanCondition)

   JpaRepositoriesAutoConfiguration matched:
      - @ConditionalOnClass found required class 'org.springframework.data.jpa.repository.JpaRepository' (OnClassCondition)
      - @ConditionalOnProperty (spring.data.jpa.repositories.enabled=true) matched (OnPropertyCondition)
      - @ConditionalOnBean (types: javax.sql.DataSource; SearchStrategy: all) found bean 'dataSource'; @ConditionalOnMissingBean (types: org.springframework.data.jpa.repository.support.JpaRepositoryFactoryBean,org.springframework.data.jpa.repository.config.JpaRepositoryConfigExtension; SearchStrategy: all) did not find any beans (OnBeanCondition)

   NamedParameterJdbcTemplateConfiguration matched:
      - @ConditionalOnSingleCandidate (types: org.springframework.jdbc.core.JdbcTemplate; SearchStrategy: all) found a single bean 'jdbcTemplate'; @ConditionalOnMissingBean (types: org.springframework.jdbc.core.namedparam.NamedParameterJdbcOperations; SearchStrategy: all) did not find any beans (OnBeanCondition)

   NoOpCacheConfiguration matched:
      - Cache org.springframework.boot.autoconfigure.cache.NoOpCacheConfiguration NONE cache type (CacheCondition)

   SqlInitializationAutoConfiguration matched:
      - @ConditionalOnProperty (spring.sql.init.enabled) matched (OnPropertyCondition)
      - NoneNestedConditions 0 matched 1 did not; NestedCondition on SqlInitializationAutoConfiguration.SqlInitializationModeCondition.ModeIsNever @ConditionalOnProperty (spring.sql.init.mode=never) did not find property 'mode' (SqlInitializationAutoConfiguration.SqlInitializationModeCondition)

   TestDatabaseAutoConfiguration#embeddedDataSourceBeanFactoryPostProcessor matched:
      - @ConditionalOnProperty (spring.test.database.replace=ANY) matched (OnPropertyCondition)

   TestEntityManagerAutoConfiguration matched:
      - @ConditionalOnClass found required class 'jakarta.persistence.EntityManagerFactory' (OnClassCondition)

   TestEntityManagerAutoConfiguration#testEntityManager matched:
      - @ConditionalOnMissingBean (types: org.springframework.boot.test.autoconfigure.orm.jpa.TestEntityManager; SearchStrategy: all) did not find any beans (OnBeanCondition)

   TransactionAutoConfiguration matched:
      - @ConditionalOnClass found required class 'org.springframework.transaction.PlatformTransactionManager' (OnClassCondition)

   TransactionAutoConfiguration.EnableTransactionManagementConfiguration matched:
      - @ConditionalOnBean (types: org.springframework.transaction.TransactionManager; SearchStrategy: all) found bean 'transactionManager'; @ConditionalOnMissingBean (types: org.springframework.transaction.annotation.AbstractTransactionManagementConfiguration; SearchStrategy: all) did not find any beans (OnBeanCondition)

   TransactionAutoConfiguration.EnableTransactionManagementConfiguration.CglibAutoProxyConfiguration matched:
      - @ConditionalOnProperty (spring.aop.proxy-target-class=true) matched (OnPropertyCondition)

   TransactionAutoConfiguration.TransactionTemplateConfiguration matched:
      - @ConditionalOnSingleCandidate (types: org.springframework.transaction.PlatformTransactionManager; SearchStrategy: all) found a single bean 'transactionManager' (OnBeanCondition)

   TransactionAutoConfiguration.TransactionTemplateConfiguration#transactionTemplate matched:
      - @ConditionalOnMissingBean (types: org.springframework.transaction.support.TransactionOperations; SearchStrategy: all) did not find any beans (OnBeanCondition)


Negative matches:
-----------------

   Cache2kCacheConfiguration:
      Did not match:
         - @ConditionalOnClass did not find required class 'org.cache2k.Cache2kBuilder' (OnClassCondition)

   CacheAutoConfiguration:
      Did not match:
         - @ConditionalOnBean (types: org.springframework.cache.interceptor.CacheAspectSupport; SearchStrategy: all) did not find any beans of type org.springframework.cache.interceptor.CacheAspectSupport (OnBeanCondition)
      Matched:
         - @ConditionalOnClass found required class 'org.springframework.cache.CacheManager' (OnClassCondition)

   CacheAutoConfiguration.CacheManagerEntityManagerFactoryDependsOnPostProcessor:
      Did not match:
         - Ancestor org.springframework.boot.autoconfigure.cache.CacheAutoConfiguration did not match (ConditionEvaluationReport.AncestorsMatchedCondition)
      Matched:
         - @ConditionalOnClass found required class 'org.springframework.orm.jpa.LocalContainerEntityManagerFactoryBean' (OnClassCondition)

   CaffeineCacheConfiguration:
      Did not match:
         - @ConditionalOnClass did not find required class 'com.github.benmanes.caffeine.cache.Caffeine' (OnClassCondition)

   CouchbaseCacheConfiguration:
      Did not match:
         - @ConditionalOnClass did not find required class 'com.couchbase.client.java.Cluster' (OnClassCondition)

   DataSourceAutoConfiguration.EmbeddedDatabaseConfiguration:
      Did not match:
         - EmbeddedDataSource spring.datasource.url is set (DataSourceAutoConfiguration.EmbeddedDatabaseCondition)

   DataSourceCheckpointRestoreConfiguration:
      Did not match:
         - @ConditionalOnClass did not find required class 'org.crac.Resource' (OnClassCondition)

   DataSourceConfiguration.Dbcp2:
      Did not match:
         - @ConditionalOnClass did not find required class 'org.apache.commons.dbcp2.BasicDataSource' (OnClassCondition)

   DataSourceConfiguration.Generic:
      Did not match:
         - @ConditionalOnProperty (spring.datasource.type) did not find property 'spring.datasource.type' (OnPropertyCondition)

   DataSourceConfiguration.OracleUcp:
      Did not match:
         - @ConditionalOnClass did not find required classes 'oracle.ucp.jdbc.PoolDataSourceImpl', 'oracle.jdbc.OracleConnection' (OnClassCondition)

   DataSourceConfiguration.Tomcat:
      Did not match:
         - @ConditionalOnClass did not find required class 'org.apache.tomcat.jdbc.pool.DataSource' (OnClassCondition)

   DataSourceJmxConfiguration:
      Did not match:
         - @ConditionalOnProperty (spring.jmx.enabled=true) found different value in property 'enabled' (OnPropertyCondition)

   DataSourcePoolMetadataProvidersConfiguration.CommonsDbcp2PoolDataSourceMetadataProviderConfiguration:
      Did not match:
         - @ConditionalOnClass did not find required class 'org.apache.commons.dbcp2.BasicDataSource' (OnClassCondition)

   DataSourcePoolMetadataProvidersConfiguration.OracleUcpPoolDataSourceMetadataProviderConfiguration:
      Did not match:
         - @ConditionalOnClass did not find required classes 'oracle.ucp.jdbc.PoolDataSource', 'oracle.jdbc.OracleConnection' (OnClassCondition)

   DataSourcePoolMetadataProvidersConfiguration.TomcatDataSourcePoolMetadataProviderConfiguration:
      Did not match:
         - @ConditionalOnClass did not find required class 'org.apache.tomcat.jdbc.pool.DataSource' (OnClassCondition)

   DataSourceTransactionManagerAutoConfiguration.JdbcTransactionManagerConfiguration#transactionManager:
      Did not match:
         - @ConditionalOnMissingBean (types: org.springframework.transaction.TransactionManager; SearchStrategy: all) found beans of type 'org.springframework.transaction.TransactionManager' transactionManager (OnBeanCondition)

   FlywayAutoConfiguration:
      Did not match:
         - @ConditionalOnClass did not find required class 'org.flywaydb.core.Flyway' (OnClassCondition)

   GenericCacheConfiguration:
      Did not match:
         - Cache org.springframework.boot.autoconfigure.cache.GenericCacheConfiguration unknown cache type (CacheCondition)

   HazelcastCacheConfiguration:
      Did not match:
         - @ConditionalOnClass did not find required class 'com.hazelcast.core.HazelcastInstance' (OnClassCondition)

   InfinispanCacheConfiguration:
      Did not match:
         - @ConditionalOnClass did not find required class 'org.infinispan.spring.embedded.provider.SpringEmbeddedCacheManager' (OnClassCondition)

   JCacheCacheConfiguration:
      Did not match:
         - @ConditionalOnClass did not find required class 'javax.cache.Caching' (OnClassCondition)

   JpaBaseConfiguration.JpaWebConfiguration:
      Did not match:
         - not a servlet web application (OnWebApplicationCondition)
      Matched:
         - @ConditionalOnClass found required class 'org.springframework.web.servlet.config.annotation.WebMvcConfigurer' (OnClassCondition)

   JpaRepositoriesAutoConfiguration#entityManagerFactoryBootstrapExecutorCustomizer:
      Did not match:
         - AnyNestedCondition 0 matched 2 did not; NestedCondition on JpaRepositoriesAutoConfiguration.BootstrapExecutorCondition.LazyBootstrapMode @ConditionalOnProperty (spring.data.jpa.repositories.bootstrap-mode=lazy) found different value in property 'bootstrap-mode'; NestedCondition on JpaRepositoriesAutoConfiguration.BootstrapExecutorCondition.DeferredBootstrapMode @ConditionalOnProperty (spring.data.jpa.repositories.bootstrap-mode=deferred) found different value in property 'bootstrap-mode' (JpaRepositoriesAutoConfiguration.BootstrapExecutorCondition)

   LiquibaseAutoConfiguration:
      Did not match:
         - @ConditionalOnClass did not find required class 'liquibase.change.DatabaseChange' (OnClassCondition)

   R2dbcInitializationConfiguration:
      Did not match:
         - @ConditionalOnClass did not find required classes 'io.r2dbc.spi.ConnectionFactory', 'org.springframework.r2dbc.connection.init.DatabasePopulator' (OnClassCondition)

   RedisCacheConfiguration:
      Did not match:
         - Cache org.springframework.boot.autoconfigure.cache.RedisCacheConfiguration unknown cache type (CacheCondition)
      Matched:
         - @ConditionalOnClass found required class 'org.springframework.data.redis.connection.RedisConnectionFactory' (OnClassCondition)

   SimpleCacheConfiguration:
      Did not match:
         - Cache org.springframework.boot.autoconfigure.cache.SimpleCacheConfiguration unknown cache type (CacheCondition)

   TestDatabaseAutoConfiguration#dataSource:
      Did not match:
         - @ConditionalOnProperty (spring.test.database.replace=AUTO_CONFIGURED) did not find property 'replace' (OnPropertyCondition)

   TransactionAutoConfiguration#transactionalOperator:
      Did not match:
         - @ConditionalOnSingleCandidate (types: org.springframework.transaction.ReactiveTransactionManager; SearchStrategy: all) did not find any beans (OnBeanCondition)

   TransactionAutoConfiguration.AspectJTransactionManagementConfiguration:
      Did not match:
         - @ConditionalOnBean (types: org.springframework.transaction.aspectj.AbstractTransactionAspect; SearchStrategy: all) did not find any beans of type org.springframework.transaction.aspectj.AbstractTransactionAspect (OnBeanCondition)

   TransactionAutoConfiguration.EnableTransactionManagementConfiguration.JdkDynamicAutoProxyConfiguration:
      Did not match:
         - @ConditionalOnProperty (spring.aop.proxy-target-class=false) did not find property 'proxy-target-class' (OnPropertyCondition)


Exclusions:
-----------

    None


Unconditional classes:
----------------------

    org.springframework.boot.test.autoconfigure.jdbc.TestDatabaseAutoConfiguration



2026-05-14T12:03:33.640+05:30  INFO 314 --- [           main] c.c.auth.repository.UserRepositoryTest   : Started UserRepositoryTest in 2.103 seconds (process running for 16.664)
2026-05-14T12:03:33.677+05:30 DEBUG 314 --- [           main] org.hibernate.SQL                        : insert into users (bio,created_at,email,full_name,is_active,is_suspended,last_login_at,password_hash,profile_pic_url,provider,provider_id,role,updated_at,username,user_id) values (?,?,?,?,?,?,?,?,?,?,?,?,?,?,default)
Hibernate: insert into users (bio,created_at,email,full_name,is_active,is_suspended,last_login_at,password_hash,profile_pic_url,provider,provider_id,role,updated_at,username,user_id) values (?,?,?,?,?,?,?,?,?,?,?,?,?,?,default)
2026-05-14T12:03:33.777+05:30 DEBUG 314 --- [           main] org.hibernate.SQL                        : select u1_0.user_id,u1_0.bio,u1_0.created_at,u1_0.email,u1_0.full_name,u1_0.is_active,u1_0.is_suspended,u1_0.last_login_at,u1_0.password_hash,u1_0.profile_pic_url,u1_0.provider,u1_0.provider_id,u1_0.role,u1_0.updated_at,u1_0.username from users u1_0 where u1_0.provider=? and u1_0.provider_id=?
Hibernate: select u1_0.user_id,u1_0.bio,u1_0.created_at,u1_0.email,u1_0.full_name,u1_0.is_active,u1_0.is_suspended,u1_0.last_login_at,u1_0.password_hash,u1_0.profile_pic_url,u1_0.provider,u1_0.provider_id,u1_0.role,u1_0.updated_at,u1_0.username from users u1_0 where u1_0.provider=? and u1_0.provider_id=?
]]></system-out>
  </testcase>
  <testcase name="findByEmailMissing" classname="com.connectsphere.auth.repository.UserRepositoryTest" time="0.013">
    <system-out><![CDATA[2026-05-14T12:03:33.868+05:30 DEBUG 314 --- [           main] org.hibernate.SQL                        : select u1_0.user_id,u1_0.bio,u1_0.created_at,u1_0.email,u1_0.full_name,u1_0.is_active,u1_0.is_suspended,u1_0.last_login_at,u1_0.password_hash,u1_0.profile_pic_url,u1_0.provider,u1_0.provider_id,u1_0.role,u1_0.updated_at,u1_0.username from users u1_0 where u1_0.email=?
Hibernate: select u1_0.user_id,u1_0.bio,u1_0.created_at,u1_0.email,u1_0.full_name,u1_0.is_active,u1_0.is_suspended,u1_0.last_login_at,u1_0.password_hash,u1_0.profile_pic_url,u1_0.provider,u1_0.provider_id,u1_0.role,u1_0.updated_at,u1_0.username from users u1_0 where u1_0.email=?
]]></system-out>
  </testcase>
  <testcase name="findByUsernameFound" classname="com.connectsphere.auth.repository.UserRepositoryTest" time="0.012">
    <system-out><![CDATA[2026-05-14T12:03:33.879+05:30 DEBUG 314 --- [           main] org.hibernate.SQL                        : insert into users (bio,created_at,email,full_name,is_active,is_suspended,last_login_at,password_hash,profile_pic_url,provider,provider_id,role,updated_at,username,user_id) values (?,?,?,?,?,?,?,?,?,?,?,?,?,?,default)
Hibernate: insert into users (bio,created_at,email,full_name,is_active,is_suspended,last_login_at,password_hash,profile_pic_url,provider,provider_id,role,updated_at,username,user_id) values (?,?,?,?,?,?,?,?,?,?,?,?,?,?,default)
2026-05-14T12:03:33.884+05:30 DEBUG 314 --- [           main] org.hibernate.SQL                        : select u1_0.user_id,u1_0.bio,u1_0.created_at,u1_0.email,u1_0.full_name,u1_0.is_active,u1_0.is_suspended,u1_0.last_login_at,u1_0.password_hash,u1_0.profile_pic_url,u1_0.provider,u1_0.provider_id,u1_0.role,u1_0.updated_at,u1_0.username from users u1_0 where u1_0.username=?
Hibernate: select u1_0.user_id,u1_0.bio,u1_0.created_at,u1_0.email,u1_0.full_name,u1_0.is_active,u1_0.is_suspended,u1_0.last_login_at,u1_0.password_hash,u1_0.profile_pic_url,u1_0.provider,u1_0.provider_id,u1_0.role,u1_0.updated_at,u1_0.username from users u1_0 where u1_0.username=?
]]></system-out>
  </testcase>
  <testcase name="searchNoMatch" classname="com.connectsphere.auth.repository.UserRepositoryTest" time="0.029">
    <system-out><![CDATA[2026-05-14T12:03:33.892+05:30 DEBUG 314 --- [           main] org.hibernate.SQL                        : insert into users (bio,created_at,email,full_name,is_active,is_suspended,last_login_at,password_hash,profile_pic_url,provider,provider_id,role,updated_at,username,user_id) values (?,?,?,?,?,?,?,?,?,?,?,?,?,?,default)
Hibernate: insert into users (bio,created_at,email,full_name,is_active,is_suspended,last_login_at,password_hash,profile_pic_url,provider,provider_id,role,updated_at,username,user_id) values (?,?,?,?,?,?,?,?,?,?,?,?,?,?,default)
2026-05-14T12:03:33.907+05:30 DEBUG 314 --- [           main] org.hibernate.SQL                        : select u1_0.user_id,u1_0.bio,u1_0.created_at,u1_0.email,u1_0.full_name,u1_0.is_active,u1_0.is_suspended,u1_0.last_login_at,u1_0.password_hash,u1_0.profile_pic_url,u1_0.provider,u1_0.provider_id,u1_0.role,u1_0.updated_at,u1_0.username from users u1_0 where lower(u1_0.username) like lower(('%'||?||'%')) escape '' or lower(u1_0.full_name) like lower(('%'||?||'%')) escape ''
Hibernate: select u1_0.user_id,u1_0.bio,u1_0.created_at,u1_0.email,u1_0.full_name,u1_0.is_active,u1_0.is_suspended,u1_0.last_login_at,u1_0.password_hash,u1_0.profile_pic_url,u1_0.provider,u1_0.provider_id,u1_0.role,u1_0.updated_at,u1_0.username from users u1_0 where lower(u1_0.username) like lower(('%'||?||'%')) escape '' or lower(u1_0.full_name) like lower(('%'||?||'%')) escape ''
]]></system-out>
  </testcase>
  <testcase name="searchFullName" classname="com.connectsphere.auth.repository.UserRepositoryTest" time="0.01">
    <system-out><![CDATA[2026-05-14T12:03:33.922+05:30 DEBUG 314 --- [           main] org.hibernate.SQL                        : insert into users (bio,created_at,email,full_name,is_active,is_suspended,last_login_at,password_hash,profile_pic_url,provider,provider_id,role,updated_at,username,user_id) values (?,?,?,?,?,?,?,?,?,?,?,?,?,?,default)
Hibernate: insert into users (bio,created_at,email,full_name,is_active,is_suspended,last_login_at,password_hash,profile_pic_url,provider,provider_id,role,updated_at,username,user_id) values (?,?,?,?,?,?,?,?,?,?,?,?,?,?,default)
2026-05-14T12:03:33.925+05:30 DEBUG 314 --- [           main] org.hibernate.SQL                        : select u1_0.user_id,u1_0.bio,u1_0.created_at,u1_0.email,u1_0.full_name,u1_0.is_active,u1_0.is_suspended,u1_0.last_login_at,u1_0.password_hash,u1_0.profile_pic_url,u1_0.provider,u1_0.provider_id,u1_0.role,u1_0.updated_at,u1_0.username from users u1_0 where lower(u1_0.username) like lower(('%'||?||'%')) escape '' or lower(u1_0.full_name) like lower(('%'||?||'%')) escape ''
Hibernate: select u1_0.user_id,u1_0.bio,u1_0.created_at,u1_0.email,u1_0.full_name,u1_0.is_active,u1_0.is_suspended,u1_0.last_login_at,u1_0.password_hash,u1_0.profile_pic_url,u1_0.provider,u1_0.provider_id,u1_0.role,u1_0.updated_at,u1_0.username from users u1_0 where lower(u1_0.username) like lower(('%'||?||'%')) escape '' or lower(u1_0.full_name) like lower(('%'||?||'%')) escape ''
]]></system-out>
  </testcase>
  <testcase name="existsByEmailFalse" classname="com.connectsphere.auth.repository.UserRepositoryTest" time="0.007">
    <system-out><![CDATA[2026-05-14T12:03:33.935+05:30 DEBUG 314 --- [           main] org.hibernate.SQL                        : select u1_0.user_id from users u1_0 where u1_0.email=? fetch first ? rows only
Hibernate: select u1_0.user_id from users u1_0 where u1_0.email=? fetch first ? rows only
]]></system-out>
  </testcase>
  <testcase name="findByRole" classname="com.connectsphere.auth.repository.UserRepositoryTest" time="0.022">
    <system-out><![CDATA[2026-05-14T12:03:33.953+05:30 DEBUG 314 --- [           main] org.hibernate.SQL                        : insert into users (bio,created_at,email,full_name,is_active,is_suspended,last_login_at,password_hash,profile_pic_url,provider,provider_id,role,updated_at,username,user_id) values (?,?,?,?,?,?,?,?,?,?,?,?,?,?,default)
Hibernate: insert into users (bio,created_at,email,full_name,is_active,is_suspended,last_login_at,password_hash,profile_pic_url,provider,provider_id,role,updated_at,username,user_id) values (?,?,?,?,?,?,?,?,?,?,?,?,?,?,default)
2026-05-14T12:03:33.955+05:30 DEBUG 314 --- [           main] org.hibernate.SQL                        : insert into users (bio,created_at,email,full_name,is_active,is_suspended,last_login_at,password_hash,profile_pic_url,provider,provider_id,role,updated_at,username,user_id) values (?,?,?,?,?,?,?,?,?,?,?,?,?,?,default)
Hibernate: insert into users (bio,created_at,email,full_name,is_active,is_suspended,last_login_at,password_hash,profile_pic_url,provider,provider_id,role,updated_at,username,user_id) values (?,?,?,?,?,?,?,?,?,?,?,?,?,?,default)
2026-05-14T12:03:33.958+05:30 DEBUG 314 --- [           main] org.hibernate.SQL                        : select u1_0.user_id,u1_0.bio,u1_0.created_at,u1_0.email,u1_0.full_name,u1_0.is_active,u1_0.is_suspended,u1_0.last_login_at,u1_0.password_hash,u1_0.profile_pic_url,u1_0.provider,u1_0.provider_id,u1_0.role,u1_0.updated_at,u1_0.username from users u1_0 where u1_0.role=?
Hibernate: select u1_0.user_id,u1_0.bio,u1_0.created_at,u1_0.email,u1_0.full_name,u1_0.is_active,u1_0.is_suspended,u1_0.last_login_at,u1_0.password_hash,u1_0.profile_pic_url,u1_0.provider,u1_0.provider_id,u1_0.role,u1_0.updated_at,u1_0.username from users u1_0 where u1_0.role=?
]]></system-out>
  </testcase>
  <testcase name="findByEmailFound" classname="com.connectsphere.auth.repository.UserRepositoryTest" time="0.009">
    <system-out><![CDATA[2026-05-14T12:03:33.965+05:30 DEBUG 314 --- [           main] org.hibernate.SQL                        : insert into users (bio,created_at,email,full_name,is_active,is_suspended,last_login_at,password_hash,profile_pic_url,provider,provider_id,role,updated_at,username,user_id) values (?,?,?,?,?,?,?,?,?,?,?,?,?,?,default)
Hibernate: insert into users (bio,created_at,email,full_name,is_active,is_suspended,last_login_at,password_hash,profile_pic_url,provider,provider_id,role,updated_at,username,user_id) values (?,?,?,?,?,?,?,?,?,?,?,?,?,?,default)
2026-05-14T12:03:33.968+05:30 DEBUG 314 --- [           main] org.hibernate.SQL                        : select u1_0.user_id,u1_0.bio,u1_0.created_at,u1_0.email,u1_0.full_name,u1_0.is_active,u1_0.is_suspended,u1_0.last_login_at,u1_0.password_hash,u1_0.profile_pic_url,u1_0.provider,u1_0.provider_id,u1_0.role,u1_0.updated_at,u1_0.username from users u1_0 where u1_0.email=?
Hibernate: select u1_0.user_id,u1_0.bio,u1_0.created_at,u1_0.email,u1_0.full_name,u1_0.is_active,u1_0.is_suspended,u1_0.last_login_at,u1_0.password_hash,u1_0.profile_pic_url,u1_0.provider,u1_0.provider_id,u1_0.role,u1_0.updated_at,u1_0.username from users u1_0 where u1_0.email=?
]]></system-out>
  </testcase>
  <testcase name="existsByEmailTrue" classname="com.connectsphere.auth.repository.UserRepositoryTest" time="0.009">
    <system-out><![CDATA[2026-05-14T12:03:33.974+05:30 DEBUG 314 --- [           main] org.hibernate.SQL                        : insert into users (bio,created_at,email,full_name,is_active,is_suspended,last_login_at,password_hash,profile_pic_url,provider,provider_id,role,updated_at,username,user_id) values (?,?,?,?,?,?,?,?,?,?,?,?,?,?,default)
Hibernate: insert into users (bio,created_at,email,full_name,is_active,is_suspended,last_login_at,password_hash,profile_pic_url,provider,provider_id,role,updated_at,username,user_id) values (?,?,?,?,?,?,?,?,?,?,?,?,?,?,default)
2026-05-14T12:03:33.978+05:30 DEBUG 314 --- [           main] org.hibernate.SQL                        : select u1_0.user_id from users u1_0 where u1_0.email=? fetch first ? rows only
Hibernate: select u1_0.user_id from users u1_0 where u1_0.email=? fetch first ? rows only
]]></system-out>
  </testcase>
  <testcase name="searchUsername" classname="com.connectsphere.auth.repository.UserRepositoryTest" time="0.01">
    <system-out><![CDATA[2026-05-14T12:03:33.985+05:30 DEBUG 314 --- [           main] org.hibernate.SQL                        : insert into users (bio,created_at,email,full_name,is_active,is_suspended,last_login_at,password_hash,profile_pic_url,provider,provider_id,role,updated_at,username,user_id) values (?,?,?,?,?,?,?,?,?,?,?,?,?,?,default)
Hibernate: insert into users (bio,created_at,email,full_name,is_active,is_suspended,last_login_at,password_hash,profile_pic_url,provider,provider_id,role,updated_at,username,user_id) values (?,?,?,?,?,?,?,?,?,?,?,?,?,?,default)
2026-05-14T12:03:33.987+05:30 DEBUG 314 --- [           main] org.hibernate.SQL                        : insert into users (bio,created_at,email,full_name,is_active,is_suspended,last_login_at,password_hash,profile_pic_url,provider,provider_id,role,updated_at,username,user_id) values (?,?,?,?,?,?,?,?,?,?,?,?,?,?,default)
Hibernate: insert into users (bio,created_at,email,full_name,is_active,is_suspended,last_login_at,password_hash,profile_pic_url,provider,provider_id,role,updated_at,username,user_id) values (?,?,?,?,?,?,?,?,?,?,?,?,?,?,default)
2026-05-14T12:03:33.989+05:30 DEBUG 314 --- [           main] org.hibernate.SQL                        : select u1_0.user_id,u1_0.bio,u1_0.created_at,u1_0.email,u1_0.full_name,u1_0.is_active,u1_0.is_suspended,u1_0.last_login_at,u1_0.password_hash,u1_0.profile_pic_url,u1_0.provider,u1_0.provider_id,u1_0.role,u1_0.updated_at,u1_0.username from users u1_0 where lower(u1_0.username) like lower(('%'||?||'%')) escape '' or lower(u1_0.full_name) like lower(('%'||?||'%')) escape ''
Hibernate: select u1_0.user_id,u1_0.bio,u1_0.created_at,u1_0.email,u1_0.full_name,u1_0.is_active,u1_0.is_suspended,u1_0.last_login_at,u1_0.password_hash,u1_0.profile_pic_url,u1_0.provider,u1_0.provider_id,u1_0.role,u1_0.updated_at,u1_0.username from users u1_0 where lower(u1_0.username) like lower(('%'||?||'%')) escape '' or lower(u1_0.full_name) like lower(('%'||?||'%')) escape ''
]]></system-out>
  </testcase>
  <testcase name="existsByUsernameTrue" classname="com.connectsphere.auth.repository.UserRepositoryTest" time="0.008">
    <system-out><![CDATA[2026-05-14T12:03:33.996+05:30 DEBUG 314 --- [           main] org.hibernate.SQL                        : insert into users (bio,created_at,email,full_name,is_active,is_suspended,last_login_at,password_hash,profile_pic_url,provider,provider_id,role,updated_at,username,user_id) values (?,?,?,?,?,?,?,?,?,?,?,?,?,?,default)
Hibernate: insert into users (bio,created_at,email,full_name,is_active,is_suspended,last_login_at,password_hash,profile_pic_url,provider,provider_id,role,updated_at,username,user_id) values (?,?,?,?,?,?,?,?,?,?,?,?,?,?,default)
2026-05-14T12:03:33.999+05:30 DEBUG 314 --- [           main] org.hibernate.SQL                        : select u1_0.user_id from users u1_0 where u1_0.username=? fetch first ? rows only
Hibernate: select u1_0.user_id from users u1_0 where u1_0.username=? fetch first ? rows only
]]></system-out>
  </testcase>
</testsuite>